Arguments: 
  /Users/bartekcis/.nvm/versions/node/v8.11.3/bin/node /usr/local/Cellar/yarn/1.15.2/libexec/bin/yarn.js add browserSync --save

PATH: 
  /Users/bartekcis/.rbenv/shims:/Users/bartekcis/.nvm/versions/node/v8.11.3/bin:/usr/local/bin:/usr/bin:/bin:/usr/sbin:/sbin:/Users/bartekcis/.rbenv/shims

Yarn version: 
  1.15.2

Node version: 
  8.11.3

Platform: 
  darwin x64

Trace: 
  Error: https://registry.yarnpkg.com/browserSync: Not found
      at Request.params.callback [as _callback] (/usr/local/Cellar/yarn/1.15.2/libexec/lib/cli.js:66058:18)
      at Request.self.callback (/usr/local/Cellar/yarn/1.15.2/libexec/lib/cli.js:129541:22)
      at emitTwo (events.js:126:13)
      at Request.emit (events.js:214:7)
      at Request.<anonymous> (/usr/local/Cellar/yarn/1.15.2/libexec/lib/cli.js:130513:10)
      at emitOne (events.js:116:13)
      at Request.emit (events.js:211:7)
      at IncomingMessage.<anonymous> (/usr/local/Cellar/yarn/1.15.2/libexec/lib/cli.js:130435:12)
      at Object.onceWrapper (events.js:313:30)
      at emitNone (events.js:111:20)

npm manifest: 
  {
    "name": "gulp-default-starter",
    "version": "1.0.0",
    "author": "Bartek Cis",
    "description": "Simple configuration for your Gulp project",
    "main": "gulpfile.js",
    "scripts": {
      "test": "echo \"Error: no test specified\" && exit 1"
    },
    "repository": {
      "type": "git",
      "url": "git+https://github.com/bartcis/gulp-4.git"
    },
    "license": "ISC",
    "bugs": {
      "url": "https://github.com/bartcis/gulp-4/issues"
    },
    "homepage": "https://github.com/bartcis/gulp-4#readme",
    "devDependencies": {
      "gulp": "^4.0.2"
    }
  }

yarn manifest: 
  No manifest

Lockfile: 
  No lockfile
